This file contains any messages produced by compilers while
running configure, to aid debugging if configure makes a mistake.

It was created by aligntk configure 1.0, which was
generated by GNU Autoconf 2.69.  Invocation command line was

  $ ./configure LIBS=-L/opt/libtiff.4/lib -ltiff   --prefix=/groups/htem/temcagt/alignment_software/

## --------- ##
## Platform. ##
## --------- ##

hostname = loge
uname -m = x86_64
uname -r = 2.6.32-642.3.1.el6.x86_64
uname -s = Linux
uname -v = #1 SMP Tue Jul 12 18:30:56 UTC 2016

/usr/bin/uname -p = unknown
/bin/uname -X     = unknown

/bin/arch              = x86_64
/usr/bin/arch -k       = unknown
/usr/convex/getsysinfo = unknown
/usr/bin/hostinfo      = unknown
/bin/machine           = unknown
/usr/bin/oslevel       = unknown
/bin/universe          = unknown

PATH: /opt/zlib-1.2.8/include
PATH: /opt/intel/composerxe-2011.5.220/bin/intel64
PATH: /opt/intel/composerxe-2011.5.220/mpirt/bin/intel64
PATH: /opt/intel/inc
PATH: /opt/intel/lib/intel64
PATH: /opt/intel/bin
PATH: /opt/intel
PATH: /opt/fftw/3.3.4/bin
PATH: /opt/libjpeg.9a/include
PATH: /opt/libjpeg.9a/bin
PATH: /opt/libtiff.4/include
PATH: /opt/libtiff.4/bin
PATH: /opt/gcc/4.8.5/include
PATH: /opt/gcc/4.8.5/bin
PATH: /opt/openmpi/1.8.6/include
PATH: /opt/openmpi/1.8.6/bin
PATH: /usr/lib64/qt-3.3/bin
PATH: /opt/lsf/7.0/linux2.6-glibc2.3-x86_64/etc
PATH: /opt/lsf/7.0/linux2.6-glibc2.3-x86_64/bin
PATH: /usr/local/bin
PATH: /bin
PATH: /usr/bin
PATH: /usr/local/sbin
PATH: /usr/sbin
PATH: /sbin
PATH: /home/rz60/bin


## ----------- ##
## Core tests. ##
## ----------- ##

configure:2492: checking for g++
configure:2508: found /opt/gcc/4.8.5/bin/g++
configure:2519: result: g++
configure:2546: checking for C++ compiler version
configure:2555: g++ --version >&5
g++ (GCC) 4.8.5
Copyright (C) 2015 Free Software Foundation, Inc.
This is free software; see the source for copying conditions.  There is NO
warranty; not even for MERCHANTABILITY or FITNESS FOR A PARTICULAR PURPOSE.

configure:2566: $? = 0
configure:2555: g++ -v >&5
Using built-in specs.
COLLECT_GCC=g++
COLLECT_LTO_WRAPPER=/opt/gcc/4.8.5/libexec/gcc/x86_64-unknown-linux-gnu/4.8.5/lto-wrapper
Target: x86_64-unknown-linux-gnu
Configured with: ../configure --enable-shared --prefix=/opt/gcc/4.8.5 --disable-multilib --disable-bootstrap
Thread model: posix
gcc version 4.8.5 (GCC) 
configure:2566: $? = 0
configure:2555: g++ -V >&5
g++: error: unrecognized command line option '-V'
g++: fatal error: no input files
compilation terminated.
configure:2566: $? = 1
configure:2555: g++ -qversion >&5
g++: error: unrecognized command line option '-qversion'
g++: fatal error: no input files
compilation terminated.
configure:2566: $? = 1
configure:2586: checking whether the C++ compiler works
configure:2608: g++    conftest.cpp -L/opt/libtiff.4/lib -ltiff   >&5
configure:2612: $? = 0
configure:2660: result: yes
configure:2663: checking for C++ compiler default output file name
configure:2665: result: a.out
configure:2671: checking for suffix of executables
configure:2678: g++ -o conftest    conftest.cpp -L/opt/libtiff.4/lib -ltiff   >&5
configure:2682: $? = 0
configure:2704: result: 
configure:2726: checking whether we are cross compiling
configure:2734: g++ -o conftest    conftest.cpp -L/opt/libtiff.4/lib -ltiff   >&5
configure:2738: $? = 0
configure:2745: ./conftest
configure:2749: $? = 0
configure:2764: result: no
configure:2769: checking for suffix of object files
configure:2791: g++ -c   conftest.cpp >&5
configure:2795: $? = 0
configure:2816: result: o
configure:2820: checking whether we are using the GNU C++ compiler
configure:2839: g++ -c   conftest.cpp >&5
configure:2839: $? = 0
configure:2848: result: yes
configure:2857: checking whether g++ accepts -g
configure:2877: g++ -c -g  conftest.cpp >&5
configure:2877: $? = 0
configure:2918: result: yes
configure:2989: checking for gcc
configure:3005: found /opt/gcc/4.8.5/bin/gcc
configure:3016: result: gcc
configure:3245: checking for C compiler version
configure:3254: gcc --version >&5
gcc (GCC) 4.8.5
Copyright (C) 2015 Free Software Foundation, Inc.
This is free software; see the source for copying conditions.  There is NO
warranty; not even for MERCHANTABILITY or FITNESS FOR A PARTICULAR PURPOSE.

configure:3265: $? = 0
configure:3254: gcc -v >&5
Using built-in specs.
COLLECT_GCC=gcc
COLLECT_LTO_WRAPPER=/opt/gcc/4.8.5/libexec/gcc/x86_64-unknown-linux-gnu/4.8.5/lto-wrapper
Target: x86_64-unknown-linux-gnu
Configured with: ../configure --enable-shared --prefix=/opt/gcc/4.8.5 --disable-multilib --disable-bootstrap
Thread model: posix
gcc version 4.8.5 (GCC) 
configure:3265: $? = 0
configure:3254: gcc -V >&5
gcc: error: unrecognized command line option '-V'
gcc: fatal error: no input files
compilation terminated.
configure:3265: $? = 1
configure:3254: gcc -qversion >&5
gcc: error: unrecognized command line option '-qversion'
gcc: fatal error: no input files
compilation terminated.
configure:3265: $? = 1
configure:3269: checking whether we are using the GNU C compiler
configure:3288: gcc -c   conftest.c >&5
configure:3288: $? = 0
configure:3297: result: yes
configure:3306: checking whether gcc accepts -g
configure:3326: gcc -c -g  conftest.c >&5
configure:3326: $? = 0
configure:3367: result: yes
configure:3384: checking for gcc option to accept ISO C89
configure:3447: gcc  -c -g -O2  conftest.c >&5
configure:3447: $? = 0
configure:3460: result: none needed
configure:3523: checking for a BSD-compatible install
configure:3591: result: /usr/bin/install -c
configure:3604: checking for mkdir
configure:3620: found /bin/mkdir
configure:3631: result: mkdir
configure:3641: checking for mpicc
configure:3657: found /opt/openmpi/1.8.6/bin/mpicc
configure:3668: result: mpicc
configure:3687: checking for jpeg_start_decompress in -ljpeg
configure:3712: gcc -o conftest -g -O2   conftest.c -ljpeg -lm -L/opt/libtiff.4/lib -ltiff   >&5
configure:3712: $? = 0
configure:3721: result: yes
configure:3734: checking for cos in -lm
configure:3759: gcc -o conftest -g -O2   conftest.c -lm  -ljpeg -L/opt/libtiff.4/lib -ltiff   >&5
conftest.c:17:6: warning: conflicting types for built-in function 'cos' [enabled by default]
 char cos ();
      ^
configure:3759: $? = 0
configure:3768: result: yes
configure:3779: checking for TIFFOpen in -ltiff
configure:3804: gcc -o conftest -g -O2   conftest.c -ltiff -lm -lm -ljpeg -L/opt/libtiff.4/lib -ltiff   >&5
configure:3804: $? = 0
configure:3813: result: yes
configure:3826: checking for gzopen in -lz
configure:3851: gcc -o conftest -g -O2   conftest.c -lz  -ltiff -lm -ljpeg -L/opt/libtiff.4/lib -ltiff   >&5
configure:3851: $? = 0
configure:3860: result: yes
configure:3881: checking for Fl::run in -lfltk
configure:3906: g++ -o conftest -g -O2   conftest.cpp -lfltk  -lz -ltiff -lm -ljpeg -L/opt/libtiff.4/lib -ltiff   >&5
conftest.cpp:20:6: error: 'Fl' has not been declared
 char Fl::run ();
      ^
conftest.cpp: In function 'int main()':
conftest.cpp:24:8: error: 'Fl' has not been declared
 return Fl::run ();
        ^
configure:3906: $? = 1
configure: failed program was:
| /* confdefs.h */
| #define PACKAGE_NAME "aligntk"
| #define PACKAGE_TARNAME "http://mmbios.org/index.php/software/aligntk"
| #define PACKAGE_VERSION "1.0"
| #define PACKAGE_STRING "aligntk 1.0"
| #define PACKAGE_BUGREPORT "aligntk@psc.edu"
| #define PACKAGE_URL ""
| #define HAVE_LIBJPEG 1
| #define HAVE_LIBM 1
| #define HAVE_LIBTIFF 1
| #define HAVE_LIBZ 1
| /* end confdefs.h.  */
| 
| /* Override any GCC internal prototype to avoid an error.
|    Use char because int might match the return type of a GCC
|    builtin and then its argument prototype would still apply.  */
| #ifdef __cplusplus
| extern "C"
| #endif
| char Fl::run ();
| int
| main ()
| {
| return Fl::run ();
|   ;
|   return 0;
| }
configure:3915: result: no
configure:3926: checking for Fl::gl_visual in -lfltk_gl
configure:3951: g++ -o conftest -g -O2   conftest.cpp -lfltk_gl  -lz -ltiff -lm -ljpeg -L/opt/libtiff.4/lib -ltiff   >&5
conftest.cpp:20:6: error: 'Fl' has not been declared
 char Fl::gl_visual ();
      ^
conftest.cpp: In function 'int main()':
conftest.cpp:24:8: error: 'Fl' has not been declared
 return Fl::gl_visual ();
        ^
configure:3951: $? = 1
configure: failed program was:
| /* confdefs.h */
| #define PACKAGE_NAME "aligntk"
| #define PACKAGE_TARNAME "http://mmbios.org/index.php/software/aligntk"
| #define PACKAGE_VERSION "1.0"
| #define PACKAGE_STRING "aligntk 1.0"
| #define PACKAGE_BUGREPORT "aligntk@psc.edu"
| #define PACKAGE_URL ""
| #define HAVE_LIBJPEG 1
| #define HAVE_LIBM 1
| #define HAVE_LIBTIFF 1
| #define HAVE_LIBZ 1
| /* end confdefs.h.  */
| 
| /* Override any GCC internal prototype to avoid an error.
|    Use char because int might match the return type of a GCC
|    builtin and then its argument prototype would still apply.  */
| #ifdef __cplusplus
| extern "C"
| #endif
| char Fl::gl_visual ();
| int
| main ()
| {
| return Fl::gl_visual ();
|   ;
|   return 0;
| }
configure:3960: result: no
configure:3980: checking for /usr/X11R6/lib64
configure:3993: result: no
configure:3998: checking for /usr/X11R6/lib
configure:4011: result: no
configure:4019: checking for XOpenDisplay in -lX11
configure:4044: gcc -o conftest -g -O2   conftest.c -lX11  -lz -ltiff -lm -ljpeg -L/opt/libtiff.4/lib -ltiff   >&5
configure:4044: $? = 0
configure:4053: result: yes
configure:4059: checking for glBegin in -lGL
configure:4084: gcc -o conftest -g -O2   conftest.c -lGL  -lX11 -lz -ltiff -lm -ljpeg -L/opt/libtiff.4/lib -ltiff   >&5
configure:4084: $? = 0
configure:4093: result: yes
configure:4099: checking for gluBeginPolygon in -lGLU
configure:4124: gcc -o conftest -g -O2   conftest.c -lGLU  -lX11 -lGL -lz -ltiff -lm -ljpeg -L/opt/libtiff.4/lib -ltiff   >&5
configure:4124: $? = 0
configure:4133: result: yes
configure:4156: checking how to run the C preprocessor
configure:4187: gcc -E  conftest.c
configure:4187: $? = 0
configure:4201: gcc -E  conftest.c
conftest.c:13:28: fatal error: ac_nonexistent.h: No such file or directory
 #include <ac_nonexistent.h>
                            ^
compilation terminated.
configure:4201: $? = 1
configure: failed program was:
| /* confdefs.h */
| #define PACKAGE_NAME "aligntk"
| #define PACKAGE_TARNAME "http://mmbios.org/index.php/software/aligntk"
| #define PACKAGE_VERSION "1.0"
| #define PACKAGE_STRING "aligntk 1.0"
| #define PACKAGE_BUGREPORT "aligntk@psc.edu"
| #define PACKAGE_URL ""
| #define HAVE_LIBJPEG 1
| #define HAVE_LIBM 1
| #define HAVE_LIBTIFF 1
| #define HAVE_LIBZ 1
| /* end confdefs.h.  */
| #include <ac_nonexistent.h>
configure:4226: result: gcc -E
configure:4246: gcc -E  conftest.c
configure:4246: $? = 0
configure:4260: gcc -E  conftest.c
conftest.c:13:28: fatal error: ac_nonexistent.h: No such file or directory
 #include <ac_nonexistent.h>
                            ^
compilation terminated.
configure:4260: $? = 1
configure: failed program was:
| /* confdefs.h */
| #define PACKAGE_NAME "aligntk"
| #define PACKAGE_TARNAME "http://mmbios.org/index.php/software/aligntk"
| #define PACKAGE_VERSION "1.0"
| #define PACKAGE_STRING "aligntk 1.0"
| #define PACKAGE_BUGREPORT "aligntk@psc.edu"
| #define PACKAGE_URL ""
| #define HAVE_LIBJPEG 1
| #define HAVE_LIBM 1
| #define HAVE_LIBTIFF 1
| #define HAVE_LIBZ 1
| /* end confdefs.h.  */
| #include <ac_nonexistent.h>
configure:4289: checking for grep that handles long lines and -e
configure:4347: result: /bin/grep
configure:4352: checking for egrep
configure:4414: result: /bin/grep -E
configure:4419: checking for ANSI C header files
configure:4439: gcc -c -g -O2  conftest.c >&5
configure:4439: $? = 0
configure:4512: gcc -o conftest -g -O2   conftest.c -lz -ltiff -lm -ljpeg -L/opt/libtiff.4/lib -ltiff   >&5
configure:4512: $? = 0
configure:4512: ./conftest
configure:4512: $? = 0
configure:4523: result: yes
configure:4536: checking for sys/types.h
configure:4536: gcc -c -g -O2  conftest.c >&5
configure:4536: $? = 0
configure:4536: result: yes
configure:4536: checking for sys/stat.h
configure:4536: gcc -c -g -O2  conftest.c >&5
configure:4536: $? = 0
configure:4536: result: yes
configure:4536: checking for stdlib.h
configure:4536: gcc -c -g -O2  conftest.c >&5
configure:4536: $? = 0
configure:4536: result: yes
configure:4536: checking for string.h
configure:4536: gcc -c -g -O2  conftest.c >&5
configure:4536: $? = 0
configure:4536: result: yes
configure:4536: checking for memory.h
configure:4536: gcc -c -g -O2  conftest.c >&5
configure:4536: $? = 0
configure:4536: result: yes
configure:4536: checking for strings.h
configure:4536: gcc -c -g -O2  conftest.c >&5
configure:4536: $? = 0
configure:4536: result: yes
configure:4536: checking for inttypes.h
configure:4536: gcc -c -g -O2  conftest.c >&5
configure:4536: $? = 0
configure:4536: result: yes
configure:4536: checking for stdint.h
configure:4536: gcc -c -g -O2  conftest.c >&5
configure:4536: $? = 0
configure:4536: result: yes
configure:4536: checking for unistd.h
configure:4536: gcc -c -g -O2  conftest.c >&5
configure:4536: $? = 0
configure:4536: result: yes
configure:4551: checking limits.h usability
configure:4551: gcc -c -g -O2  conftest.c >&5
configure:4551: $? = 0
configure:4551: result: yes
configure:4551: checking limits.h presence
configure:4551: gcc -E  conftest.c
configure:4551: $? = 0
configure:4551: result: yes
configure:4551: checking for limits.h
configure:4551: result: yes
configure:4551: checking netdb.h usability
configure:4551: gcc -c -g -O2  conftest.c >&5
configure:4551: $? = 0
configure:4551: result: yes
configure:4551: checking netdb.h presence
configure:4551: gcc -E  conftest.c
configure:4551: $? = 0
configure:4551: result: yes
configure:4551: checking for netdb.h
configure:4551: result: yes
configure:4551: checking netinet/in.h usability
configure:4551: gcc -c -g -O2  conftest.c >&5
configure:4551: $? = 0
configure:4551: result: yes
configure:4551: checking netinet/in.h presence
configure:4551: gcc -E  conftest.c
configure:4551: $? = 0
configure:4551: result: yes
configure:4551: checking for netinet/in.h
configure:4551: result: yes
configure:4551: checking for stdlib.h
configure:4551: result: yes
configure:4551: checking for string.h
configure:4551: result: yes
configure:4551: checking sys/socket.h usability
configure:4551: gcc -c -g -O2  conftest.c >&5
configure:4551: $? = 0
configure:4551: result: yes
configure:4551: checking sys/socket.h presence
configure:4551: gcc -E  conftest.c
configure:4551: $? = 0
configure:4551: result: yes
configure:4551: checking for sys/socket.h
configure:4551: result: yes
configure:4551: checking sys/time.h usability
configure:4551: gcc -c -g -O2  conftest.c >&5
configure:4551: $? = 0
configure:4551: result: yes
configure:4551: checking sys/time.h presence
configure:4551: gcc -E  conftest.c
configure:4551: $? = 0
configure:4551: result: yes
configure:4551: checking for sys/time.h
configure:4551: result: yes
configure:4551: checking for unistd.h
configure:4551: result: yes
configure:4563: checking for stdbool.h that conforms to C99
configure:4630: gcc -c -g -O2  conftest.c >&5
configure:4630: $? = 0
configure:4637: result: yes
configure:4639: checking for _Bool
configure:4639: gcc -c -g -O2  conftest.c >&5
configure:4639: $? = 0
configure:4639: gcc -c -g -O2  conftest.c >&5
conftest.c: In function 'main':
conftest.c:67:20: error: expected expression before ')' token
 if (sizeof ((_Bool)))
                    ^
configure:4639: $? = 1
configure: failed program was:
| /* confdefs.h */
| #define PACKAGE_NAME "aligntk"
| #define PACKAGE_TARNAME "http://mmbios.org/index.php/software/aligntk"
| #define PACKAGE_VERSION "1.0"
| #define PACKAGE_STRING "aligntk 1.0"
| #define PACKAGE_BUGREPORT "aligntk@psc.edu"
| #define PACKAGE_URL ""
| #define HAVE_LIBJPEG 1
| #define HAVE_LIBM 1
| #define HAVE_LIBTIFF 1
| #define HAVE_LIBZ 1
| #define STDC_HEADERS 1
| #define HAVE_SYS_TYPES_H 1
| #define HAVE_SYS_STAT_H 1
| #define HAVE_STDLIB_H 1
| #define HAVE_STRING_H 1
| #define HAVE_MEMORY_H 1
| #define HAVE_STRINGS_H 1
| #define HAVE_INTTYPES_H 1
| #define HAVE_STDINT_H 1
| #define HAVE_UNISTD_H 1
| #define HAVE_LIMITS_H 1
| #define HAVE_NETDB_H 1
| #define HAVE_NETINET_IN_H 1
| #define HAVE_STDLIB_H 1
| #define HAVE_STRING_H 1
| #define HAVE_SYS_SOCKET_H 1
| #define HAVE_SYS_TIME_H 1
| #define HAVE_UNISTD_H 1
| /* end confdefs.h.  */
| #include <stdio.h>
| #ifdef HAVE_SYS_TYPES_H
| # include <sys/types.h>
| #endif
| #ifdef HAVE_SYS_STAT_H
| # include <sys/stat.h>
| #endif
| #ifdef STDC_HEADERS
| # include <stdlib.h>
| # include <stddef.h>
| #else
| # ifdef HAVE_STDLIB_H
| #  include <stdlib.h>
| # endif
| #endif
| #ifdef HAVE_STRING_H
| # if !defined STDC_HEADERS && defined HAVE_MEMORY_H
| #  include <memory.h>
| # endif
| # include <string.h>
| #endif
| #ifdef HAVE_STRINGS_H
| # include <strings.h>
| #endif
| #ifdef HAVE_INTTYPES_H
| # include <inttypes.h>
| #endif
| #ifdef HAVE_STDINT_H
| # include <stdint.h>
| #endif
| #ifdef HAVE_UNISTD_H
| # include <unistd.h>
| #endif
| int
| main ()
| {
| if (sizeof ((_Bool)))
| 	    return 0;
|   ;
|   return 0;
| }
configure:4639: result: yes
configure:4656: checking for size_t
configure:4656: gcc -c -g -O2  conftest.c >&5
configure:4656: $? = 0
configure:4656: gcc -c -g -O2  conftest.c >&5
conftest.c: In function 'main':
conftest.c:69:21: error: expected expression before ')' token
 if (sizeof ((size_t)))
                     ^
configure:4656: $? = 1
configure: failed program was:
| /* confdefs.h */
| #define PACKAGE_NAME "aligntk"
| #define PACKAGE_TARNAME "http://mmbios.org/index.php/software/aligntk"
| #define PACKAGE_VERSION "1.0"
| #define PACKAGE_STRING "aligntk 1.0"
| #define PACKAGE_BUGREPORT "aligntk@psc.edu"
| #define PACKAGE_URL ""
| #define HAVE_LIBJPEG 1
| #define HAVE_LIBM 1
| #define HAVE_LIBTIFF 1
| #define HAVE_LIBZ 1
| #define STDC_HEADERS 1
| #define HAVE_SYS_TYPES_H 1
| #define HAVE_SYS_STAT_H 1
| #define HAVE_STDLIB_H 1
| #define HAVE_STRING_H 1
| #define HAVE_MEMORY_H 1
| #define HAVE_STRINGS_H 1
| #define HAVE_INTTYPES_H 1
| #define HAVE_STDINT_H 1
| #define HAVE_UNISTD_H 1
| #define HAVE_LIMITS_H 1
| #define HAVE_NETDB_H 1
| #define HAVE_NETINET_IN_H 1
| #define HAVE_STDLIB_H 1
| #define HAVE_STRING_H 1
| #define HAVE_SYS_SOCKET_H 1
| #define HAVE_SYS_TIME_H 1
| #define HAVE_UNISTD_H 1
| #define HAVE__BOOL 1
| #define HAVE_STDBOOL_H 1
| /* end confdefs.h.  */
| #include <stdio.h>
| #ifdef HAVE_SYS_TYPES_H
| # include <sys/types.h>
| #endif
| #ifdef HAVE_SYS_STAT_H
| # include <sys/stat.h>
| #endif
| #ifdef STDC_HEADERS
| # include <stdlib.h>
| # include <stddef.h>
| #else
| # ifdef HAVE_STDLIB_H
| #  include <stdlib.h>
| # endif
| #endif
| #ifdef HAVE_STRING_H
| # if !defined STDC_HEADERS && defined HAVE_MEMORY_H
| #  include <memory.h>
| # endif
| # include <string.h>
| #endif
| #ifdef HAVE_STRINGS_H
| # include <strings.h>
| #endif
| #ifdef HAVE_INTTYPES_H
| # include <inttypes.h>
| #endif
| #ifdef HAVE_STDINT_H
| # include <stdint.h>
| #endif
| #ifdef HAVE_UNISTD_H
| # include <unistd.h>
| #endif
| int
| main ()
| {
| if (sizeof ((size_t)))
| 	    return 0;
|   ;
|   return 0;
| }
configure:4656: result: yes
configure:4679: checking how to run the C++ preprocessor
configure:4706: g++ -E  conftest.cpp
configure:4706: $? = 0
configure:4720: g++ -E  conftest.cpp
conftest.cpp:33:28: fatal error: ac_nonexistent.h: No such file or directory
 #include <ac_nonexistent.h>
                            ^
compilation terminated.
configure:4720: $? = 1
configure: failed program was:
| /* confdefs.h */
| #define PACKAGE_NAME "aligntk"
| #define PACKAGE_TARNAME "http://mmbios.org/index.php/software/aligntk"
| #define PACKAGE_VERSION "1.0"
| #define PACKAGE_STRING "aligntk 1.0"
| #define PACKAGE_BUGREPORT "aligntk@psc.edu"
| #define PACKAGE_URL ""
| #define HAVE_LIBJPEG 1
| #define HAVE_LIBM 1
| #define HAVE_LIBTIFF 1
| #define HAVE_LIBZ 1
| #define STDC_HEADERS 1
| #define HAVE_SYS_TYPES_H 1
| #define HAVE_SYS_STAT_H 1
| #define HAVE_STDLIB_H 1
| #define HAVE_STRING_H 1
| #define HAVE_MEMORY_H 1
| #define HAVE_STRINGS_H 1
| #define HAVE_INTTYPES_H 1
| #define HAVE_STDINT_H 1
| #define HAVE_UNISTD_H 1
| #define HAVE_LIMITS_H 1
| #define HAVE_NETDB_H 1
| #define HAVE_NETINET_IN_H 1
| #define HAVE_STDLIB_H 1
| #define HAVE_STRING_H 1
| #define HAVE_SYS_SOCKET_H 1
| #define HAVE_SYS_TIME_H 1
| #define HAVE_UNISTD_H 1
| #define HAVE__BOOL 1
| #define HAVE_STDBOOL_H 1
| /* end confdefs.h.  */
| #include <ac_nonexistent.h>
configure:4745: result: g++ -E
configure:4765: g++ -E  conftest.cpp
configure:4765: $? = 0
configure:4779: g++ -E  conftest.cpp
conftest.cpp:33:28: fatal error: ac_nonexistent.h: No such file or directory
 #include <ac_nonexistent.h>
                            ^
compilation terminated.
configure:4779: $? = 1
configure: failed program was:
| /* confdefs.h */
| #define PACKAGE_NAME "aligntk"
| #define PACKAGE_TARNAME "http://mmbios.org/index.php/software/aligntk"
| #define PACKAGE_VERSION "1.0"
| #define PACKAGE_STRING "aligntk 1.0"
| #define PACKAGE_BUGREPORT "aligntk@psc.edu"
| #define PACKAGE_URL ""
| #define HAVE_LIBJPEG 1
| #define HAVE_LIBM 1
| #define HAVE_LIBTIFF 1
| #define HAVE_LIBZ 1
| #define STDC_HEADERS 1
| #define HAVE_SYS_TYPES_H 1
| #define HAVE_SYS_STAT_H 1
| #define HAVE_STDLIB_H 1
| #define HAVE_STRING_H 1
| #define HAVE_MEMORY_H 1
| #define HAVE_STRINGS_H 1
| #define HAVE_INTTYPES_H 1
| #define HAVE_STDINT_H 1
| #define HAVE_UNISTD_H 1
| #define HAVE_LIMITS_H 1
| #define HAVE_NETDB_H 1
| #define HAVE_NETINET_IN_H 1
| #define HAVE_STDLIB_H 1
| #define HAVE_STRING_H 1
| #define HAVE_SYS_SOCKET_H 1
| #define HAVE_SYS_TIME_H 1
| #define HAVE_UNISTD_H 1
| #define HAVE__BOOL 1
| #define HAVE_STDBOOL_H 1
| /* end confdefs.h.  */
| #include <ac_nonexistent.h>
configure:4810: checking FL/Fl.H usability
configure:4810: g++ -c -g -O2  conftest.cpp >&5
configure:4810: $? = 0
configure:4810: result: yes
configure:4810: checking FL/Fl.H presence
configure:4810: g++ -E  conftest.cpp
configure:4810: $? = 0
configure:4810: result: yes
configure:4810: checking for FL/Fl.H
configure:4810: result: yes
configure:4822: checking FL/fl_draw.H usability
configure:4822: g++ -c -g -O2  conftest.cpp >&5
configure:4822: $? = 0
configure:4822: result: yes
configure:4822: checking FL/fl_draw.H presence
configure:4822: g++ -E  conftest.cpp
configure:4822: $? = 0
configure:4822: result: yes
configure:4822: checking for FL/fl_draw.H
configure:4822: result: yes
configure:4836: checking for stdlib.h
configure:4836: result: yes
configure:4846: checking for GNU libc compatible malloc
configure:4870: g++ -o conftest -g -O2   conftest.cpp -lz -ltiff -lm -ljpeg -L/opt/libtiff.4/lib -ltiff   >&5
configure:4870: $? = 0
configure:4870: ./conftest
configure:4870: $? = 0
configure:4880: result: yes
configure:4903: checking for stdlib.h
configure:4903: result: yes
configure:4913: checking for GNU libc compatible realloc
configure:4937: g++ -o conftest -g -O2   conftest.cpp -lz -ltiff -lm -ljpeg -L/opt/libtiff.4/lib -ltiff   >&5
configure:4937: $? = 0
configure:4937: ./conftest
configure:4937: $? = 0
configure:4947: result: yes
configure:4971: checking for floor
configure:4971: g++ -o conftest -g -O2   conftest.cpp -lz -ltiff -lm -ljpeg -L/opt/libtiff.4/lib -ltiff   >&5
configure:4971: $? = 0
configure:4971: result: yes
configure:4971: checking for gethostbyname
configure:4971: g++ -o conftest -g -O2   conftest.cpp -lz -ltiff -lm -ljpeg -L/opt/libtiff.4/lib -ltiff   >&5
configure:4971: $? = 0
configure:4971: result: yes
configure:4971: checking for gethostname
configure:4971: g++ -o conftest -g -O2   conftest.cpp -lz -ltiff -lm -ljpeg -L/opt/libtiff.4/lib -ltiff   >&5
configure:4971: $? = 0
configure:4971: result: yes
configure:4971: checking for gettimeofday
configure:4971: g++ -o conftest -g -O2   conftest.cpp -lz -ltiff -lm -ljpeg -L/opt/libtiff.4/lib -ltiff   >&5
configure:4971: $? = 0
configure:4971: result: yes
configure:4971: checking for localtime_r
configure:4971: g++ -o conftest -g -O2   conftest.cpp -lz -ltiff -lm -ljpeg -L/opt/libtiff.4/lib -ltiff   >&5
configure:4971: $? = 0
configure:4971: result: yes
configure:4971: checking for memmove
configure:4971: g++ -o conftest -g -O2   conftest.cpp -lz -ltiff -lm -ljpeg -L/opt/libtiff.4/lib -ltiff   >&5
configure:4971: $? = 0
configure:4971: result: yes
configure:4971: checking for memset
configure:4971: g++ -o conftest -g -O2   conftest.cpp -lz -ltiff -lm -ljpeg -L/opt/libtiff.4/lib -ltiff   >&5
configure:4971: $? = 0
configure:4971: result: yes
configure:4971: checking for mkdir
configure:4971: g++ -o conftest -g -O2   conftest.cpp -lz -ltiff -lm -ljpeg -L/opt/libtiff.4/lib -ltiff   >&5
configure:4971: $? = 0
configure:4971: result: yes
configure:4971: checking for sqrt
configure:4971: g++ -o conftest -g -O2   conftest.cpp -lz -ltiff -lm -ljpeg -L/opt/libtiff.4/lib -ltiff   >&5
configure:4971: $? = 0
configure:4971: result: yes
configure:4971: checking for strcasecmp
configure:4971: g++ -o conftest -g -O2   conftest.cpp -lz -ltiff -lm -ljpeg -L/opt/libtiff.4/lib -ltiff   >&5
configure:4971: $? = 0
configure:4971: result: yes
configure:4971: checking for strchr
configure:4971: g++ -o conftest -g -O2   conftest.cpp -lz -ltiff -lm -ljpeg -L/opt/libtiff.4/lib -ltiff   >&5
configure:4971: $? = 0
configure:4971: result: yes
configure:4971: checking for strdup
configure:4971: g++ -o conftest -g -O2   conftest.cpp -lz -ltiff -lm -ljpeg -L/opt/libtiff.4/lib -ltiff   >&5
configure:4971: $? = 0
configure:4971: result: yes
configure:4971: checking for strrchr
configure:4971: g++ -o conftest -g -O2   conftest.cpp -lz -ltiff -lm -ljpeg -L/opt/libtiff.4/lib -ltiff   >&5
configure:4971: $? = 0
configure:4971: result: yes
configure:5097: creating ./config.status

## ---------------------- ##
## Running config.status. ##
## ---------------------- ##

This file was extended by aligntk config.status 1.0, which was
generated by GNU Autoconf 2.69.  Invocation command line was

  CONFIG_FILES    = 
  CONFIG_HEADERS  = 
  CONFIG_LINKS    = 
  CONFIG_COMMANDS = 
  $ ./config.status 

on loge

config.status:842: creating Makefile
config.status:842: creating config.h
config.status:1017: config.h is unchanged

## ---------------- ##
## Cache variables. ##
## ---------------- ##

ac_cv_c_compiler_gnu=yes
ac_cv_cxx_compiler_gnu=yes
ac_cv_env_CCC_set=
ac_cv_env_CCC_value=
ac_cv_env_CC_set=
ac_cv_env_CC_value=
ac_cv_env_CFLAGS_set=
ac_cv_env_CFLAGS_value=
ac_cv_env_CPPFLAGS_set=
ac_cv_env_CPPFLAGS_value=
ac_cv_env_CPP_set=
ac_cv_env_CPP_value=
ac_cv_env_CXXCPP_set=
ac_cv_env_CXXCPP_value=
ac_cv_env_CXXFLAGS_set=
ac_cv_env_CXXFLAGS_value=
ac_cv_env_CXX_set=
ac_cv_env_CXX_value=
ac_cv_env_LDFLAGS_set=
ac_cv_env_LDFLAGS_value=
ac_cv_env_LIBS_set=set
ac_cv_env_LIBS_value='-L/opt/libtiff.4/lib -ltiff  '
ac_cv_env_build_alias_set=
ac_cv_env_build_alias_value=
ac_cv_env_host_alias_set=
ac_cv_env_host_alias_value=
ac_cv_env_target_alias_set=
ac_cv_env_target_alias_value=
ac_cv_file__usr_X11R6_lib64=no
ac_cv_file__usr_X11R6_lib=no
ac_cv_func_floor=yes
ac_cv_func_gethostbyname=yes
ac_cv_func_gethostname=yes
ac_cv_func_gettimeofday=yes
ac_cv_func_localtime_r=yes
ac_cv_func_malloc_0_nonnull=yes
ac_cv_func_memmove=yes
ac_cv_func_memset=yes
ac_cv_func_mkdir=yes
ac_cv_func_realloc_0_nonnull=yes
ac_cv_func_sqrt=yes
ac_cv_func_strcasecmp=yes
ac_cv_func_strchr=yes
ac_cv_func_strdup=yes
ac_cv_func_strrchr=yes
ac_cv_header_FL_Fl_H=yes
ac_cv_header_FL_fl_draw_H=yes
ac_cv_header_inttypes_h=yes
ac_cv_header_limits_h=yes
ac_cv_header_memory_h=yes
ac_cv_header_netdb_h=yes
ac_cv_header_netinet_in_h=yes
ac_cv_header_stdbool_h=yes
ac_cv_header_stdc=yes
ac_cv_header_stdint_h=yes
ac_cv_header_stdlib_h=yes
ac_cv_header_string_h=yes
ac_cv_header_strings_h=yes
ac_cv_header_sys_socket_h=yes
ac_cv_header_sys_stat_h=yes
ac_cv_header_sys_time_h=yes
ac_cv_header_sys_types_h=yes
ac_cv_header_unistd_h=yes
ac_cv_lib_GLU_gluBeginPolygon=yes
ac_cv_lib_GL_glBegin=yes
ac_cv_lib_X11_XOpenDisplay=yes
ac_cv_lib_fltk_Fl__run=no
ac_cv_lib_fltk_gl_Fl__gl_visual=no
ac_cv_lib_jpeg_jpeg_start_decompress=yes
ac_cv_lib_m_cos=yes
ac_cv_lib_tiff_TIFFOpen=yes
ac_cv_lib_z_gzopen=yes
ac_cv_objext=o
ac_cv_path_EGREP='/bin/grep -E'
ac_cv_path_GREP=/bin/grep
ac_cv_path_install='/usr/bin/install -c'
ac_cv_prog_CPP='gcc -E'
ac_cv_prog_CXXCPP='g++ -E'
ac_cv_prog_MKDIR=mkdir
ac_cv_prog_MPICC=mpicc
ac_cv_prog_ac_ct_CC=gcc
ac_cv_prog_ac_ct_CXX=g++
ac_cv_prog_cc_c89=
ac_cv_prog_cc_g=yes
ac_cv_prog_cxx_g=yes
ac_cv_type__Bool=yes
ac_cv_type_size_t=yes

## ----------------- ##
## Output variables. ##
## ----------------- ##

CC='gcc'
CFLAGS='-g -O2'
CPP='gcc -E'
CPPFLAGS=''
CXX='g++'
CXXCPP='g++ -E'
CXXFLAGS='-g -O2'
DEFS='-DHAVE_CONFIG_H'
ECHO_C=''
ECHO_N='-n'
ECHO_T=''
EGREP='/bin/grep -E'
EXEEXT=''
GREP='/bin/grep'
INSTALL_DATA='${INSTALL} -m 644'
INSTALL_PROGRAM='${INSTALL}'
INSTALL_SCRIPT='${INSTALL}'
INSTALL_TARGETS='nox_install x_install'
LDFLAGS=''
LIBOBJS=''
LIBS='-lz -ltiff -lm -ljpeg -L/opt/libtiff.4/lib -ltiff  '
LTLIBOBJS=''
MKDIR='mkdir'
MPICC='mpicc'
OBJEXT='o'
PACKAGE_BUGREPORT='aligntk@psc.edu'
PACKAGE_NAME='aligntk'
PACKAGE_STRING='aligntk 1.0'
PACKAGE_TARNAME='http://mmbios.org/index.php/software/aligntk'
PACKAGE_URL=''
PACKAGE_VERSION='1.0'
PATH_SEPARATOR=':'
SHELL='/bin/sh'
TARGETS='nox_executables x_executables'
ac_ct_CC='gcc'
ac_ct_CXX='g++'
bindir='${exec_prefix}/bin'
build_alias=''
datadir='${datarootdir}'
datarootdir='${prefix}/share'
docdir='${datarootdir}/doc/${PACKAGE_TARNAME}'
dvidir='${docdir}'
exec_prefix='${prefix}'
host_alias=''
htmldir='${docdir}'
includedir='${prefix}/include'
infodir='${datarootdir}/info'
libdir='${exec_prefix}/lib'
libexecdir='${exec_prefix}/libexec'
localedir='${datarootdir}/locale'
localstatedir='${prefix}/var'
mandir='${datarootdir}/man'
oldincludedir='/usr/include'
pdfdir='${docdir}'
prefix='/groups/htem/temcagt/alignment_software'
program_transform_name='s,x,x,'
psdir='${docdir}'
sbindir='${exec_prefix}/sbin'
sharedstatedir='${prefix}/com'
sysconfdir='${prefix}/etc'
target_alias=''

## ----------- ##
## confdefs.h. ##
## ----------- ##

/* confdefs.h */
#define PACKAGE_NAME "aligntk"
#define PACKAGE_TARNAME "http://mmbios.org/index.php/software/aligntk"
#define PACKAGE_VERSION "1.0"
#define PACKAGE_STRING "aligntk 1.0"
#define PACKAGE_BUGREPORT "aligntk@psc.edu"
#define PACKAGE_URL ""
#define HAVE_LIBJPEG 1
#define HAVE_LIBM 1
#define HAVE_LIBTIFF 1
#define HAVE_LIBZ 1
#define STDC_HEADERS 1
#define HAVE_SYS_TYPES_H 1
#define HAVE_SYS_STAT_H 1
#define HAVE_STDLIB_H 1
#define HAVE_STRING_H 1
#define HAVE_MEMORY_H 1
#define HAVE_STRINGS_H 1
#define HAVE_INTTYPES_H 1
#define HAVE_STDINT_H 1
#define HAVE_UNISTD_H 1
#define HAVE_LIMITS_H 1
#define HAVE_NETDB_H 1
#define HAVE_NETINET_IN_H 1
#define HAVE_STDLIB_H 1
#define HAVE_STRING_H 1
#define HAVE_SYS_SOCKET_H 1
#define HAVE_SYS_TIME_H 1
#define HAVE_UNISTD_H 1
#define HAVE__BOOL 1
#define HAVE_STDBOOL_H 1
#define HAVE_FL_FL_H 1
#define HAVE_FL_FL_DRAW_H 1
#define HAVE_STDLIB_H 1
#define HAVE_MALLOC 1
#define HAVE_STDLIB_H 1
#define HAVE_REALLOC 1
#define HAVE_FLOOR 1
#define HAVE_GETHOSTBYNAME 1
#define HAVE_GETHOSTNAME 1
#define HAVE_GETTIMEOFDAY 1
#define HAVE_LOCALTIME_R 1
#define HAVE_MEMMOVE 1
#define HAVE_MEMSET 1
#define HAVE_MKDIR 1
#define HAVE_SQRT 1
#define HAVE_STRCASECMP 1
#define HAVE_STRCHR 1
#define HAVE_STRDUP 1
#define HAVE_STRRCHR 1

configure: exit 0
